<?xml version="1.0" encoding="UTF-8"?>
<!-- Generated by org.testng.reporters.JUnitReportReporter -->
<testsuite skipped="0" hostname="DESKTOP-DPEFIOB" name="chapterNine.NOK_ContactFormEmailFormatTest" tests="1" failures="1" timestamp="04 jan 2018 13:52:59 GMT" time="7.675" errors="0">
  <testcase name="fillContactForm" time="7.675" classname="chapterNine.NOK_ContactFormEmailFormatTest">
    <failure type="java.lang.AssertionError" message="[Emailfield not valid] 
Expecting:
 &lt;&quot;form-group form-error&quot;&gt;
to be equal to:
 &lt;&quot;form-group form-ok&quot;&gt;
but was not.">
      <![CDATA[java.lang.AssertionError: [Emailfield not valid] Expecting: <"form-group form-error">to be equal to: <"form-group form-ok">but was not.at chapterNine.NOK_ContactFormEmailFormatTest.fillContactForm(NOK_ContactFormEmailFormatTest.java:39)at sun.reflect.NativeMethodAccessorImpl.invoke0(Native Method)at sun.reflect.NativeMethodAccessorImpl.invoke(NativeMethodAccessorImpl.java:62)at sun.reflect.DelegatingMethodAccessorImpl.invoke(DelegatingMethodAccessorImpl.java:43)at java.lang.reflect.Method.invoke(Method.java:498)at org.testng.internal.MethodInvocationHelper.invokeMethod(MethodInvocationHelper.java:124)at org.testng.internal.Invoker.invokeMethod(Invoker.java:571)at org.testng.internal.Invoker.invokeTestMethod(Invoker.java:707)at org.testng.internal.Invoker.invokeTestMethods(Invoker.java:979)at org.testng.internal.TestMethodWorker.invokeTestMethods(TestMethodWorker.java:125)at org.testng.internal.TestMethodWorker.run(TestMethodWorker.java:109)at org.testng.TestRunner.privateRun(TestRunner.java:648)at org.testng.TestRunner.run(TestRunner.java:505)at org.testng.SuiteRunner.runTest(SuiteRunner.java:455)at org.testng.SuiteRunner.runSequentially(SuiteRunner.java:450)at org.testng.SuiteRunner.privateRun(SuiteRunner.java:415)at org.testng.SuiteRunner.run(SuiteRunner.java:364)at org.testng.SuiteRunnerWorker.runSuite(SuiteRunnerWorker.java:52)at org.testng.SuiteRunnerWorker.run(SuiteRunnerWorker.java:84)at org.testng.TestNG.runSuitesSequentially(TestNG.java:1187)at org.testng.TestNG.runSuitesLocally(TestNG.java:1116)at org.testng.TestNG.runSuites(TestNG.java:1028)at org.testng.TestNG.run(TestNG.java:996)at org.testng.IDEARemoteTestNG.run(IDEARemoteTestNG.java:72)at org.testng.RemoteTestNGStarter.main(RemoteTestNGStarter.java:123)]]>
    </failure>
  </testcase> <!-- fillContactForm -->
</testsuite> <!-- chapterNine.NOK_ContactFormEmailFormatTest -->
