<?xml version="1.0" encoding="UTF-8"?>
<!-- Generated by org.testng.reporters.JUnitReportReporter -->
<testsuite skipped="0" hostname="DESKTOP-DPEFIOB" name="chapterSix.ValidateSupplierProductTest" tests="1" failures="1" timestamp="29 dec 2017 08:34:21 GMT" time="6.607" errors="0">
  <testcase name="personalInfo" time="6.607" classname="chapterSix.ValidateSupplierProductTest">
    <failure type="java.lang.AssertionError" message="[Products does not contain Macbook] 
Expecting:
 &lt;[&quot;iPod Nano&quot;,
    &quot;iPod shuffle&quot;,
    &quot;MacBook&quot;,
    &quot;iPod touch&quot;,
    &quot;iphone 4s&quot;,
    &quot;LG Nexus 5X&quot;,
    &quot;LG Nexus&quot;,
    &quot;LIBREM 10&quot;,
    &quot;iPod Nano&quot;,
    &quot;iPod shuffle&quot;,
    &quot;MacBook&quot;,
    &quot;iPod touch&quot;,
    &quot;iphone 4s&quot;,
    &quot;LG Nexus 5X&quot;,
    &quot;LG Nexus&quot;,
    &quot;LIBREM 10&quot;]&gt;
to contain:
 &lt;[&quot;Macbook&quot;]&gt;
but could not find:
 &lt;[&quot;Macbook&quot;]&gt;
">
      <![CDATA[java.lang.AssertionError: [Products does not contain Macbook] Expecting: <["iPod Nano",    "iPod shuffle",    "MacBook",    "iPod touch",    "iphone 4s",    "LG Nexus 5X",    "LG Nexus",    "LIBREM 10",    "iPod Nano",    "iPod shuffle",    "MacBook",    "iPod touch",    "iphone 4s",    "LG Nexus 5X",    "LG Nexus",    "LIBREM 10"]>to contain: <["Macbook"]>but could not find: <["Macbook"]>at chapterSix.ValidateSupplierProductTest.personalInfo(ValidateSupplierProductTest.java:42)at sun.reflect.NativeMethodAccessorImpl.invoke0(Native Method)at sun.reflect.NativeMethodAccessorImpl.invoke(NativeMethodAccessorImpl.java:62)at sun.reflect.DelegatingMethodAccessorImpl.invoke(DelegatingMethodAccessorImpl.java:43)at java.lang.reflect.Method.invoke(Method.java:498)at org.testng.internal.MethodInvocationHelper.invokeMethod(MethodInvocationHelper.java:124)at org.testng.internal.Invoker.invokeMethod(Invoker.java:571)at org.testng.internal.Invoker.invokeTestMethod(Invoker.java:707)at org.testng.internal.Invoker.invokeTestMethods(Invoker.java:979)at org.testng.internal.TestMethodWorker.invokeTestMethods(TestMethodWorker.java:125)at org.testng.internal.TestMethodWorker.run(TestMethodWorker.java:109)at org.testng.TestRunner.privateRun(TestRunner.java:648)at org.testng.TestRunner.run(TestRunner.java:505)at org.testng.SuiteRunner.runTest(SuiteRunner.java:455)at org.testng.SuiteRunner.runSequentially(SuiteRunner.java:450)at org.testng.SuiteRunner.privateRun(SuiteRunner.java:415)at org.testng.SuiteRunner.run(SuiteRunner.java:364)at org.testng.SuiteRunnerWorker.runSuite(SuiteRunnerWorker.java:52)at org.testng.SuiteRunnerWorker.run(SuiteRunnerWorker.java:84)at org.testng.TestNG.runSuitesSequentially(TestNG.java:1187)at org.testng.TestNG.runSuitesLocally(TestNG.java:1116)at org.testng.TestNG.runSuites(TestNG.java:1028)at org.testng.TestNG.run(TestNG.java:996)at org.testng.IDEARemoteTestNG.run(IDEARemoteTestNG.java:72)at org.testng.RemoteTestNGStarter.main(RemoteTestNGStarter.java:123)]]>
    </failure>
  </testcase> <!-- personalInfo -->
</testsuite> <!-- chapterSix.ValidateSupplierProductTest -->
