<?xml version="1.0" encoding="UTF-8"?>
<!-- Generated by org.testng.reporters.JUnitXMLReporter -->
<testsuite hostname="DESKTOP-DPEFIOB" ignored="0" name="bootcamp" tests="1" failures="0" timestamp="05 jan 2018 13:58:48 GMT" time="0.038" errors="0">
  <testcase name="@BeforeMethod setUp" time="0.0" classname="browserDriven.TestShopScenarioBrowserDriven">
    <failure type="org.testng.TestNGException" message="
Parameter &amp;apos;browser&amp;apos; is required by BeforeMethod on method setUp but has not been marked @Optional or defined
in C:\Users\fijnk\.IdeaIC2017.2\system\temp-testng-customsuite.xml">
      <![CDATA[org.testng.TestNGException: Parameter 'browser' is required by BeforeMethod on method setUp but has not been marked @Optional or definedin C:\Users\fijnk\.IdeaIC2017.2\system\temp-testng-customsuite.xml... Removed 24 stack frames]]>
    </failure>
  </testcase> <!-- @BeforeMethod setUp -->
  <testcase name="@AfterMethod tearDown" time="0.0" classname="browserDriven.TestShopScenarioBrowserDriven">
    <skipped/>
  </testcase> <!-- @AfterMethod tearDown -->
  <testcase name="readCSV" time="0.0" classname="browserDriven.BrowserDrivenTest">
    <skipped/>
  </testcase> <!-- readCSV -->
</testsuite> <!-- bootcamp -->
